<?xml version="1.0" encoding="UTF-8"?>
<beans xmlns="http://www.springframework.org/schema/beans"
	xmlns:xsi="http://www.w3.org/2001/XMLSchema-instance" xmlns:batch="http://www.springframework.org/schema/batch"
	xsi:schemaLocation="http://www.springframework.org/schema/batch http://www.springframework.org/schema/batch/spring-batch-3.0.xsd
		http://www.springframework.org/schema/beans http://www.springframework.org/schema/beans/spring-beans-4.2.xsd">


	<bean id="jobRepository"
		class="org.springframework.batch.core.repository.support.MapJobRepositoryFactoryBean" />
	
	<bean id="transactionManager" class="org.springframework.batch.support.transaction.ResourcelessTransactionManager" />
	
	<bean id="jobLauncher" class="org.springframework.batch.core.launch.support.SimpleJobLauncher">
		<property name="jobRepository" ref="jobRepository" />
	</bean>
	
	<bean id="jobLauncherTestUtils" class="org.springframework.batch.test.JobLauncherTestUtils">
		<property name="jobRepository" ref="jobRepository" />
		<property name="jobLauncher" ref="jobLauncher" />
	</bean>

	<bean id="mcokedItemWriter"
		class="io.github.pbremer.icecreammanager.batch.mocked.MockedItemWriter" />

	<batch:job id="truckSalesItemReaderTestJob">
		<batch:step id="truckSalesItemReaderTestJobStep">
			<batch:tasklet>
				<batch:chunk commit-interval="1" reader="truckSalesItemReader"
					writer="mcokedItemWriter" />
			</batch:tasklet>
		</batch:step>
	</batch:job>

</beans>
